# JRE version: OpenJDK Runtime Environment (8.0_265-b01) (build 1.8.0_265-b01)
# Java VM: OpenJDK 64-Bit Server VM (25.265-b01 mixed mode windows-amd64 compressed oops)
Heap:
 PSYoungGen      total 141824K, used 20971K [0x000000076ab00000, 0x0000000777c80000, 0x00000007c0000000)
  eden space 131072K, 7% used [0x000000076ab00000,0x000000076b502048,0x0000000772b00000)
  from space 10752K, 99% used [0x0000000772b00000,0x0000000773578cc8,0x0000000773580000)
  to   space 10752K, 0% used [0x0000000777200000,0x0000000777200000,0x0000000777c80000)
 ParOldGen       total 107008K, used 12965K [0x00000006c0000000, 0x00000006c6880000, 0x000000076ab00000)
  object space 107008K, 12% used [0x00000006c0000000,0x00000006c0ca95f0,0x00000006c6880000)
 Metaspace       used 31836K, capacity 33768K, committed 33920K, reserved 1079296K
  class space    used 4023K, capacity 4382K, committed 4480K, reserved 1048576K
GC Heap History (8 events):
Event: 1.080 GC heap before
{Heap before GC invocations=1 (full 0):
 PSYoungGen      total 76288K, used 65536K [0x000000076ab00000, 0x0000000770000000, 0x00000007c0000000)
  eden space 65536K, 100% used [0x000000076ab00000,0x000000076eb00000,0x000000076eb00000)
  from space 10752K, 0% used [0x000000076f580000,0x000000076f580000,0x0000000770000000)
  to   space 10752K, 0% used [0x000000076eb00000,0x000000076eb00000,0x000000076f580000)
 ParOldGen       total 175104K, used 0K [0x00000006c0000000, 0x00000006cab00000, 0x000000076ab00000)
  object space 175104K, 0% used [0x00000006c0000000,0x00000006c0000000,0x00000006cab00000)
 Metaspace       used 14777K, capacity 15424K, committed 15616K, reserved 1062912K
  class space    used 1818K, capacity 1972K, committed 2048K, reserved 1048576K
Event: 1.092 GC heap after
Heap after GC invocations=1 (full 0):
 PSYoungGen      total 76288K, used 9887K [0x000000076ab00000, 0x0000000774000000, 0x00000007c0000000)
  eden space 65536K, 0% used [0x000000076ab00000,0x000000076ab00000,0x000000076eb00000)
  from space 10752K, 91% used [0x000000076eb00000,0x000000076f4a7d30,0x000000076f580000)
  to   space 10752K, 0% used [0x0000000773580000,0x0000000773580000,0x0000000774000000)
 ParOldGen       total 175104K, used 16K [0x00000006c0000000, 0x00000006cab00000, 0x000000076ab00000)
  object space 175104K, 0% used [0x00000006c0000000,0x00000006c0004000,0x00000006cab00000)
 Metaspace       used 14777K, capacity 15424K, committed 15616K, reserved 1062912K
  class space    used 1818K, capacity 1972K, committed 2048K, reserved 1048576K
}
Event: 1.407 GC heap before
{Heap before GC invocations=2 (full 0):
 PSYoungGen      total 76288K, used 53497K [0x000000076ab00000, 0x0000000774000000, 0x00000007c0000000)
  eden space 65536K, 66% used [0x000000076ab00000,0x000000076d596930,0x000000076eb00000)
  from space 10752K, 91% used [0x000000076eb00000,0x000000076f4a7d30,0x000000076f580000)
  to   space 10752K, 0% used [0x0000000773580000,0x0000000773580000,0x0000000774000000)
 ParOldGen       total 175104K, used 16K [0x00000006c0000000, 0x00000006cab00000, 0x000000076ab00000)
  object space 175104K, 0% used [0x00000006c0000000,0x00000006c0004000,0x00000006cab00000)
 Metaspace       used 20367K, capacity 21158K, committed 21248K, reserved 1067008K
  class space    used 2543K, capacity 2745K, committed 2816K, reserved 1048576K
Event: 1.420 GC heap after
Heap after GC invocations=2 (full 0):
 PSYoungGen      total 141824K, used 10007K [0x000000076ab00000, 0x0000000774000000, 0x00000007c0000000)
  eden space 131072K, 0% used [0x000000076ab00000,0x000000076ab00000,0x0000000772b00000)
  from space 10752K, 93% used [0x0000000773580000,0x0000000773f45f60,0x0000000774000000)
  to   space 10752K, 0% used [0x0000000772b00000,0x0000000772b00000,0x0000000773580000)
 ParOldGen       total 175104K, used 24K [0x00000006c0000000, 0x00000006cab00000, 0x000000076ab00000)
  object space 175104K, 0% used [0x00000006c0000000,0x00000006c0006000,0x00000006cab00000)
 Metaspace       used 20367K, capacity 21158K, committed 21248K, reserved 1067008K
  class space    used 2543K, capacity 2745K, committed 2816K, reserved 1048576K
}
Event: 1.420 GC heap before
{Heap before GC invocations=3 (full 1):
 PSYoungGen      total 141824K, used 10007K [0x000000076ab00000, 0x0000000774000000, 0x00000007c0000000)
  eden space 131072K, 0% used [0x000000076ab00000,0x000000076ab00000,0x0000000772b00000)
  from space 10752K, 93% used [0x0000000773580000,0x0000000773f45f60,0x0000000774000000)
  to   space 10752K, 0% used [0x0000000772b00000,0x0000000772b00000,0x0000000773580000)
 ParOldGen       total 175104K, used 24K [0x00000006c0000000, 0x00000006cab00000, 0x000000076ab00000)
  object space 175104K, 0% used [0x00000006c0000000,0x00000006c0006000,0x00000006cab00000)
 Metaspace       used 20367K, capacity 21158K, committed 21248K, reserved 1067008K
  class space    used 2543K, capacity 2745K, committed 2816K, reserved 1048576K
Event: 1.454 GC heap after
Heap after GC invocations=3 (full 1):
 PSYoungGen      total 141824K, used 0K [0x000000076ab00000, 0x0000000774000000, 0x00000007c0000000)
  eden space 131072K, 0% used [0x000000076ab00000,0x000000076ab00000,0x0000000772b00000)
  from space 10752K, 0% used [0x0000000773580000,0x0000000773580000,0x0000000774000000)
  to   space 10752K, 0% used [0x0000000772b00000,0x0000000772b00000,0x0000000773580000)
 ParOldGen       total 107008K, used 9669K [0x00000006c0000000, 0x00000006c6880000, 0x000000076ab00000)
  object space 107008K, 9% used [0x00000006c0000000,0x00000006c0971528,0x00000006c6880000)
 Metaspace       used 20367K, capacity 21158K, committed 21248K, reserved 1067008K
  class space    used 2543K, capacity 2745K, committed 2816K, reserved 1048576K
}
Event: 3.065 GC heap before
{Heap before GC invocations=4 (full 1):
 PSYoungGen      total 141824K, used 131072K [0x000000076ab00000, 0x0000000774000000, 0x00000007c0000000)
  eden space 131072K, 100% used [0x000000076ab00000,0x0000000772b00000,0x0000000772b00000)
  from space 10752K, 0% used [0x0000000773580000,0x0000000773580000,0x0000000774000000)
  to   space 10752K, 0% used [0x0000000772b00000,0x0000000772b00000,0x0000000773580000)
 ParOldGen       total 107008K, used 9669K [0x00000006c0000000, 0x00000006c6880000, 0x000000076ab00000)
  object space 107008K, 9% used [0x00000006c0000000,0x00000006c0971528,0x00000006c6880000)
 Metaspace       used 31334K, capacity 33236K, committed 33536K, reserved 1079296K
  class space    used 3959K, capacity 4328K, committed 4352K, reserved 1048576K
Event: 3.086 GC heap after
Heap after GC invocations=4 (full 1):
 PSYoungGen      total 141824K, used 10723K [0x000000076ab00000, 0x0000000777c80000, 0x00000007c0000000)
  eden space 131072K, 0% used [0x000000076ab00000,0x000000076ab00000,0x0000000772b00000)
  from space 10752K, 99% used [0x0000000772b00000,0x0000000773578cc8,0x0000000773580000)
  to   space 10752K, 0% used [0x0000000777200000,0x0000000777200000,0x0000000777c80000)
 ParOldGen       total 107008K, used 12965K [0x00000006c0000000, 0x00000006c6880000, 0x000000076ab00000)
  object space 107008K, 12% used [0x00000006c0000000,0x00000006c0ca95f0,0x00000006c6880000)
 Metaspace       used 31334K, capacity 33236K, committed 33536K, reserved 1079296K
  class space    used 3959K, capacity 4328K, committed 4352K, reserved 1048576K
}

