# JRE version: OpenJDK Runtime Environment (8.0_265-b01) (build 1.8.0_265-b01)
# Java VM: OpenJDK 64-Bit Server VM (25.265-b01 mixed mode windows-amd64 compressed oops)
Heap:
 PSYoungGen      total 166912K, used 9354K [0x000000076ab00000, 0x0000000777480000, 0x00000007c0000000)
  eden space 156160K, 0% used [0x000000076ab00000,0x000000076ab00000,0x0000000774380000)
  from space 10752K, 87% used [0x0000000774e80000,0x00000007757a29f0,0x0000000775900000)
  to   space 11264K, 0% used [0x0000000774380000,0x0000000774380000,0x0000000774e80000)
 ParOldGen       total 100864K, used 7761K [0x00000006c0000000, 0x00000006c6280000, 0x000000076ab00000)
  object space 100864K, 7% used [0x00000006c0000000,0x00000006c0794408,0x00000006c6280000)
 Metaspace       used 33554K, capacity 35476K, committed 35496K, reserved 1081344K
  class space    used 4135K, capacity 4510K, committed 4528K, reserved 1048576K
GC Heap History (10 events):
Event: 1.663 GC heap before
{Heap before GC invocations=2 (full 0):
 PSYoungGen      total 76288K, used 71653K [0x000000076ab00000, 0x0000000770000000, 0x00000007c0000000)
  eden space 65536K, 100% used [0x000000076ab00000,0x000000076eb00000,0x000000076eb00000)
  from space 10752K, 56% used [0x000000076eb00000,0x000000076f0f9618,0x000000076f580000)
  to   space 10752K, 0% used [0x000000076f580000,0x000000076f580000,0x0000000770000000)
 ParOldGen       total 175104K, used 16K [0x00000006c0000000, 0x00000006cab00000, 0x000000076ab00000)
  object space 175104K, 0% used [0x00000006c0000000,0x00000006c0004000,0x00000006cab00000)
 Metaspace       used 16982K, capacity 17640K, committed 17792K, reserved 1064960K
  class space    used 2010K, capacity 2168K, committed 2176K, reserved 1048576K
Event: 1.674 GC heap after
Heap after GC invocations=2 (full 0):
 PSYoungGen      total 76288K, used 7733K [0x000000076ab00000, 0x0000000774000000, 0x00000007c0000000)
  eden space 65536K, 0% used [0x000000076ab00000,0x000000076ab00000,0x000000076eb00000)
  from space 10752K, 71% used [0x000000076f580000,0x000000076fd0d5a0,0x0000000770000000)
  to   space 10752K, 0% used [0x000000076eb00000,0x000000076eb00000,0x000000076f580000)
 ParOldGen       total 175104K, used 24K [0x00000006c0000000, 0x00000006cab00000, 0x000000076ab00000)
  object space 175104K, 0% used [0x00000006c0000000,0x00000006c0006000,0x00000006cab00000)
 Metaspace       used 16982K, capacity 17640K, committed 17792K, reserved 1064960K
  class space    used 2010K, capacity 2168K, committed 2176K, reserved 1048576K
}
Event: 1.861 GC heap before
{Heap before GC invocations=3 (full 0):
 PSYoungGen      total 76288K, used 57120K [0x000000076ab00000, 0x0000000774000000, 0x00000007c0000000)
  eden space 65536K, 75% used [0x000000076ab00000,0x000000076db3aae8,0x000000076eb00000)
  from space 10752K, 71% used [0x000000076f580000,0x000000076fd0d5a0,0x0000000770000000)
  to   space 10752K, 0% used [0x000000076eb00000,0x000000076eb00000,0x000000076f580000)
 ParOldGen       total 175104K, used 24K [0x00000006c0000000, 0x00000006cab00000, 0x000000076ab00000)
  object space 175104K, 0% used [0x00000006c0000000,0x00000006c0006000,0x00000006cab00000)
 Metaspace       used 20447K, capacity 21190K, committed 21296K, reserved 1069056K
  class space    used 2409K, capacity 2583K, committed 2608K, reserved 1048576K
Event: 1.871 GC heap after
Heap after GC invocations=3 (full 0):
 PSYoungGen      total 76288K, used 7968K [0x000000076ab00000, 0x0000000774000000, 0x00000007c0000000)
  eden space 65536K, 0% used [0x000000076ab00000,0x000000076ab00000,0x000000076eb00000)
  from space 10752K, 74% used [0x000000076eb00000,0x000000076f2c8160,0x000000076f580000)
  to   space 10752K, 0% used [0x0000000773580000,0x0000000773580000,0x0000000774000000)
 ParOldGen       total 175104K, used 32K [0x00000006c0000000, 0x00000006cab00000, 0x000000076ab00000)
  object space 175104K, 0% used [0x00000006c0000000,0x00000006c0008000,0x00000006cab00000)
 Metaspace       used 20447K, capacity 21190K, committed 21296K, reserved 1069056K
  class space    used 2409K, capacity 2583K, committed 2608K, reserved 1048576K
}
Event: 1.871 GC heap before
{Heap before GC invocations=4 (full 1):
 PSYoungGen      total 76288K, used 7968K [0x000000076ab00000, 0x0000000774000000, 0x00000007c0000000)
  eden space 65536K, 0% used [0x000000076ab00000,0x000000076ab00000,0x000000076eb00000)
  from space 10752K, 74% used [0x000000076eb00000,0x000000076f2c8160,0x000000076f580000)
  to   space 10752K, 0% used [0x0000000773580000,0x0000000773580000,0x0000000774000000)
 ParOldGen       total 175104K, used 32K [0x00000006c0000000, 0x00000006cab00000, 0x000000076ab00000)
  object space 175104K, 0% used [0x00000006c0000000,0x00000006c0008000,0x00000006cab00000)
 Metaspace       used 20447K, capacity 21190K, committed 21296K, reserved 1069056K
  class space    used 2409K, capacity 2583K, committed 2608K, reserved 1048576K
Event: 1.908 GC heap after
Heap after GC invocations=4 (full 1):
 PSYoungGen      total 76288K, used 0K [0x000000076ab00000, 0x0000000774000000, 0x00000007c0000000)
  eden space 65536K, 0% used [0x000000076ab00000,0x000000076ab00000,0x000000076eb00000)
  from space 10752K, 0% used [0x000000076eb00000,0x000000076eb00000,0x000000076f580000)
  to   space 10752K, 0% used [0x0000000773580000,0x0000000773580000,0x0000000774000000)
 ParOldGen       total 100864K, used 7737K [0x00000006c0000000, 0x00000006c6280000, 0x000000076ab00000)
  object space 100864K, 7% used [0x00000006c0000000,0x00000006c078e408,0x00000006c6280000)
 Metaspace       used 20447K, capacity 21190K, committed 21296K, reserved 1069056K
  class space    used 2409K, capacity 2583K, committed 2608K, reserved 1048576K
}
Event: 2.486 GC heap before
{Heap before GC invocations=5 (full 1):
 PSYoungGen      total 76288K, used 65536K [0x000000076ab00000, 0x0000000774000000, 0x00000007c0000000)
  eden space 65536K, 100% used [0x000000076ab00000,0x000000076eb00000,0x000000076eb00000)
  from space 10752K, 0% used [0x000000076eb00000,0x000000076eb00000,0x000000076f580000)
  to   space 10752K, 0% used [0x0000000773580000,0x0000000773580000,0x0000000774000000)
 ParOldGen       total 100864K, used 7737K [0x00000006c0000000, 0x00000006c6280000, 0x000000076ab00000)
  object space 100864K, 7% used [0x00000006c0000000,0x00000006c078e408,0x00000006c6280000)
 Metaspace       used 24141K, capacity 25164K, committed 25264K, reserved 1071104K
  class space    used 2924K, capacity 3166K, committed 3248K, reserved 1048576K
Event: 2.496 GC heap after
Heap after GC invocations=5 (full 1):
 PSYoungGen      total 108032K, used 5427K [0x000000076ab00000, 0x0000000773b00000, 0x00000007c0000000)
  eden space 102400K, 0% used [0x000000076ab00000,0x000000076ab00000,0x0000000770f00000)
  from space 5632K, 96% used [0x0000000773580000,0x0000000773accd98,0x0000000773b00000)
  to   space 10752K, 0% used [0x0000000772600000,0x0000000772600000,0x0000000773080000)
 ParOldGen       total 100864K, used 7745K [0x00000006c0000000, 0x00000006c6280000, 0x000000076ab00000)
  object space 100864K, 7% used [0x00000006c0000000,0x00000006c0790408,0x00000006c6280000)
 Metaspace       used 24141K, capacity 25164K, committed 25264K, reserved 1071104K
  class space    used 2924K, capacity 3166K, committed 3248K, reserved 1048576K
}
Event: 3.629 GC heap before
{Heap before GC invocations=6 (full 1):
 PSYoungGen      total 108032K, used 107827K [0x000000076ab00000, 0x0000000773b00000, 0x00000007c0000000)
  eden space 102400K, 100% used [0x000000076ab00000,0x0000000770f00000,0x0000000770f00000)
  from space 5632K, 96% used [0x0000000773580000,0x0000000773accd98,0x0000000773b00000)
  to   space 10752K, 0% used [0x0000000772600000,0x0000000772600000,0x0000000773080000)
 ParOldGen       total 100864K, used 7745K [0x00000006c0000000, 0x00000006c6280000, 0x000000076ab00000)
  object space 100864K, 7% used [0x00000006c0000000,0x00000006c0790408,0x00000006c6280000)
 Metaspace       used 30515K, capacity 32274K, committed 32560K, reserved 1077248K
  class space    used 3735K, capacity 4067K, committed 4144K, reserved 1048576K
Event: 3.645 GC heap after
Heap after GC invocations=6 (full 1):
 PSYoungGen      total 136704K, used 9842K [0x000000076ab00000, 0x0000000775900000, 0x00000007c0000000)
  eden space 125952K, 0% used [0x000000076ab00000,0x000000076ab00000,0x0000000772600000)
  from space 10752K, 91% used [0x0000000772600000,0x0000000772f9cb88,0x0000000773080000)
  to   space 10752K, 0% used [0x0000000774e80000,0x0000000774e80000,0x0000000775900000)
 ParOldGen       total 100864K, used 7753K [0x00000006c0000000, 0x00000006c6280000, 0x000000076ab00000)
  object space 100864K, 7% used [0x00000006c0000000,0x00000006c0792408,0x00000006c6280000)
 Metaspace       used 30515K, capacity 32274K, committed 32560K, reserved 1077248K
  class space    used 3735K, capacity 4067K, committed 4144K, reserved 1048576K
}

